c:\users\admin\documents\dlsu\3 junior year\term 2\ceparco\simd\simd_deepdive_alonzo\x64\debug\vc143.pdb
c:\users\admin\documents\dlsu\3 junior year\term 2\ceparco\simd\simd_deepdive_alonzo\x64\debug\vc143.idb
c:\users\admin\documents\dlsu\3 junior year\term 2\ceparco\simd\simd_deepdive_alonzo\x64\debug\main.obj
c:\users\admin\documents\dlsu\3 junior year\term 2\ceparco\simd\simd_deepdive_alonzo\simdfunc.obj
c:\users\admin\documents\dlsu\3 junior year\term 2\ceparco\simd\simd_deepdive_alonzo\x86func.obj
c:\users\admin\documents\dlsu\3 junior year\term 2\ceparco\simd\simd_deepdive_alonzo\x64\debug\simd_deepdive_alonzo.pdb
c:\users\admin\documents\dlsu\3 junior year\term 2\ceparco\simd\simd_deepdive_alonzo\x64\debug\simd_dee.b9c62c75.tlog\cl.command.1.tlog
c:\users\admin\documents\dlsu\3 junior year\term 2\ceparco\simd\simd_deepdive_alonzo\x64\debug\simd_dee.b9c62c75.tlog\cl.read.1.tlog
c:\users\admin\documents\dlsu\3 junior year\term 2\ceparco\simd\simd_deepdive_alonzo\x64\debug\simd_dee.b9c62c75.tlog\cl.write.1.tlog
c:\users\admin\documents\dlsu\3 junior year\term 2\ceparco\simd\simd_deepdive_alonzo\x64\debug\simd_dee.b9c62c75.tlog\custombuild.command.1.tlog
c:\users\admin\documents\dlsu\3 junior year\term 2\ceparco\simd\simd_deepdive_alonzo\x64\debug\simd_dee.b9c62c75.tlog\custombuild.read.1.tlog
c:\users\admin\documents\dlsu\3 junior year\term 2\ceparco\simd\simd_deepdive_alonzo\x64\debug\simd_dee.b9c62c75.tlog\custombuild.write.1.tlog
c:\users\admin\documents\dlsu\3 junior year\term 2\ceparco\simd\simd_deepdive_alonzo\x64\debug\simd_dee.b9c62c75.tlog\link-cvtres.read.1.tlog
c:\users\admin\documents\dlsu\3 junior year\term 2\ceparco\simd\simd_deepdive_alonzo\x64\debug\simd_dee.b9c62c75.tlog\link-cvtres.write.1.tlog
c:\users\admin\documents\dlsu\3 junior year\term 2\ceparco\simd\simd_deepdive_alonzo\x64\debug\simd_dee.b9c62c75.tlog\link-rc.read.1.tlog
c:\users\admin\documents\dlsu\3 junior year\term 2\ceparco\simd\simd_deepdive_alonzo\x64\debug\simd_dee.b9c62c75.tlog\link-rc.write.1.tlog
c:\users\admin\documents\dlsu\3 junior year\term 2\ceparco\simd\simd_deepdive_alonzo\x64\debug\simd_dee.b9c62c75.tlog\link.command.1.tlog
c:\users\admin\documents\dlsu\3 junior year\term 2\ceparco\simd\simd_deepdive_alonzo\x64\debug\simd_dee.b9c62c75.tlog\link.read.1.tlog
c:\users\admin\documents\dlsu\3 junior year\term 2\ceparco\simd\simd_deepdive_alonzo\x64\debug\simd_dee.b9c62c75.tlog\link.read.2.tlog
c:\users\admin\documents\dlsu\3 junior year\term 2\ceparco\simd\simd_deepdive_alonzo\x64\debug\simd_dee.b9c62c75.tlog\link.write.1.tlog
